#
# A fatal error has been detected by the Java Runtime Environment:
#
#  EXCEPTION_ACCESS_VIOLATION (0xc0000005) at pc=0x00000000693878bd, pid=13500, tid=0x0000000000003b88
#
# JRE version: Java(TM) SE Runtime Environment (8.0_112-b15) (build 1.8.0_112-b15)
# Java VM: Java HotSpot(TM) 64-Bit Server VM (25.112-b15 mixed mode windows-amd64 compressed oops)
# Problematic frame:
# C  [sqlite-3.7.2-sqlitejdbc.dll+0x478bd]
#
# Failed to write core dump. Minidumps are not enabled by default on client versions of Windows
#
# If you would like to submit a bug report, please visit:
#   http://bugreport.java.com/bugreport/crash.jsp
# The crash happened outside the Java Virtual Machine in native code.
# See problematic frame for where to report the bug.
#

---------------  T H R E A D  ---------------

Current thread (0x000000001895f000):  JavaThread "Secondary finalizer" [_thread_in_native, id=15240, stack(0x00000000220d0000,0x00000000224d0000)]

siginfo: ExceptionCode=0xc0000005, reading address 0x0000000000000058

Registers:
RAX=0x0000000000000000, RBX=0x00000000199e4908, RCX=0x00000000199e4908, RDX=0x00000000224cefa8
RSP=0x00000000224cee60, RBP=0x00000000224cef78, RSI=0x0000000000000000, RDI=0x00000000c470f900
R8 =0x00000000199e4908, R9 =0x0000000000000000, R10=0x0000000002da8a4b, R11=0x00000000570cb530
R12=0x0000000000000000, R13=0x000000001dfa39d8, R14=0x00000000224cefa8, R15=0x000000001895f000
RIP=0x00000000693878bd, EFLAGS=0x0000000000010202

Top of Stack: (sp=0x00000000224cee60)
0x00000000224cee60:   00000000224cef28 00000000570dcb5f
0x00000000224cee70:   00000000224cef28 00000000224cef78
0x00000000224cee80:   00000000224cef78 000000001895f000
0x00000000224cee90:   00000000224cef28 00000000570dd24a
0x00000000224ceea0:   00000000185fcd78 000000001dfa39d8
0x00000000224ceeb0:   0000000100005f40 00000000693422a5
0x00000000224ceec0:   000000001a0ea460 0000000056f56d11
0x00000000224ceed0:   00000000224cf418 000000001895f000
0x00000000224ceee0:   000000001a028d10 0000000002da8a77
0x00000000224ceef0:   00000000c470f900 0000000002da881f
0x00000000224cef00:   000000001895f000 000000001dfa39d8
0x00000000224cef10:   0000000000000000 0000000000000001
0x00000000224cef20:   0000000002da87d9 0000000000000003
0x00000000224cef30:   00000000c4cfc418 00000000224cef28
0x00000000224cef40:   000000001dfa39d8 00000000224cefa8
0x00000000224cef50:   000000001dfa9fb0 0000000000000000 

Instructions: (pc=0x00000000693878bd)
0x000000006938789d:   48 8b 7c 24 30 48 83 c4 38 c3 56 53 48 83 ec 48
0x00000000693878ad:   48 89 cb be 00 00 00 00 48 85 c9 74 5f 48 8b 01
0x00000000693878bd:   48 8b 48 58 e8 8f c0 fb ff 48 89 d9 e8 4c fa ff
0x00000000693878cd:   ff 89 c6 c7 44 24 30 00 00 00 00 c7 44 24 28 00 


Register to memory mapping:

RAX=0x0000000000000000 is an unknown value
RBX=0x00000000199e4908 is an unknown value
RCX=0x00000000199e4908 is an unknown value
RDX=0x00000000224cefa8 is pointing into the stack for thread: 0x000000001895f000
RSP=0x00000000224cee60 is pointing into the stack for thread: 0x000000001895f000
RBP=0x00000000224cef78 is pointing into the stack for thread: 0x000000001895f000
RSI=0x0000000000000000 is an unknown value
RDI=0x00000000c470f900 is an oop
java.lang.ref.Finalizer 
 - klass: 'java/lang/ref/Finalizer'
R8 =0x00000000199e4908 is an unknown value
R9 =0x0000000000000000 is an unknown value
R10=0x0000000002da8a4b is at code_begin+1227 in an Interpreter codelet
method entry point (kind = native_synchronized)  [0x0000000002da8580, 0x0000000002da9060]  2784 bytes
R11=0x00000000570cb530 is an unknown value
R12=0x0000000000000000 is an unknown value
R13={method} {0x000000001dfa39e0} 'reset' '(J)I' in 'org/sqlite/NativeDB'
R14=0x00000000224cefa8 is pointing into the stack for thread: 0x000000001895f000
R15=0x000000001895f000 is a thread


Stack: [0x00000000220d0000,0x00000000224d0000],  sp=0x00000000224cee60,  free space=4091k
Native frames: (J=compiled Java code, j=interpreted, Vv=VM code, C=native code)
C  [sqlite-3.7.2-sqlitejdbc.dll+0x478bd]

Java frames: (J=compiled Java code, j=interpreted, Vv=VM code)
j  org.sqlite.NativeDB.reset(J)I+0
j  org.sqlite.RS.close()V+76
j  org.sqlite.Stmt.close()V+14
j  org.sqlite.Stmt.finalize()V+1
J 3969 C2 java.lang.ref.Finalizer.access$100(Ljava/lang/ref/Finalizer;Lsun/misc/JavaLangAccess;)V (6 bytes) @ 0x00000000031eca94 [0x00000000031ec8c0+0x1d4]
j  java.lang.ref.Finalizer$2.run()V+36
j  java.lang.Thread.run()V+11
v  ~StubRoutines::call_stub

---------------  P R O C E S S  ---------------

Java Threads: ( => current thread )
=>0x000000001895f000 JavaThread "Secondary finalizer" [_thread_in_native, id=15240, stack(0x00000000220d0000,0x00000000224d0000)]
  0x0000000018965000 JavaThread "com.google.common.base.internal.Finalizer" daemon [_thread_blocked, id=8000, stack(0x000000002b0d0000,0x000000002b4d0000)]
  0x0000000012361000 JavaThread "sbt-web-akka.actor.default-dispatcher-5" [_thread_blocked, id=6248, stack(0x0000000020cd0000,0x00000000210d0000)]
  0x0000000012361800 JavaThread "sbt-web-scheduler-1" [_thread_blocked, id=15512, stack(0x000000001fcd0000,0x00000000200d0000)]
  0x000000001338e800 JavaThread "Log4j2-TF-1-AsyncLogger[AsyncContext@57536d79]-1" daemon [_thread_blocked, id=18524, stack(0x0000000014480000,0x0000000014880000)]
  0x00000000106c0800 JavaThread "Service Thread" daemon [_thread_blocked, id=13852, stack(0x0000000010aa0000,0x0000000010ea0000)]
  0x000000000e14a800 JavaThread "C1 CompilerThread2" daemon [_thread_blocked, id=15816, stack(0x00000000105a0000,0x00000000106a0000)]
  0x000000000e144000 JavaThread "C2 CompilerThread1" daemon [_thread_blocked, id=19792, stack(0x00000000104a0000,0x00000000105a0000)]
  0x000000000e142000 JavaThread "C2 CompilerThread0" daemon [_thread_blocked, id=13676, stack(0x00000000103a0000,0x00000000104a0000)]
  0x000000000e140000 JavaThread "Attach Listener" daemon [_thread_blocked, id=14204, stack(0x000000000ffa0000,0x00000000103a0000)]
  0x000000000e13f000 JavaThread "Signal Dispatcher" daemon [_thread_blocked, id=19072, stack(0x000000000fba0000,0x000000000ffa0000)]
  0x000000000273b800 JavaThread "Finalizer" daemon [_thread_blocked, id=3432, stack(0x000000000f6b0000,0x000000000fab0000)]
  0x0000000002730000 JavaThread "Reference Handler" daemon [_thread_blocked, id=14048, stack(0x000000000f2b0000,0x000000000f6b0000)]
  0x000000000298e000 JavaThread "main" [_thread_blocked, id=13056, stack(0x0000000002990000,0x0000000002d90000)]

Other Threads:
  0x000000000e106800 VMThread [stack: 0x000000000f1b0000,0x000000000f2b0000] [id=5060]
  0x00000000106cd000 WatcherThread [stack: 0x0000000010ea0000,0x0000000010fa0000] [id=6612]

VM state:not at safepoint (normal execution)

VM Mutex/Monitor currently owned by a thread: None

Heap:
 PSYoungGen      total 300032K, used 2628K [0x00000000eab00000, 0x0000000100000000, 0x0000000100000000)
  eden space 248832K, 1% used [0x00000000eab00000,0x00000000ead91038,0x00000000f9e00000)
  from space 51200K, 0% used [0x00000000fce00000,0x00000000fce00000,0x0000000100000000)
  to   space 49152K, 0% used [0x00000000f9e00000,0x00000000f9e00000,0x00000000fce00000)
 ParOldGen       total 699392K, used 89681K [0x00000000c0000000, 0x00000000eab00000, 0x00000000eab00000)
  object space 699392K, 12% used [0x00000000c0000000,0x00000000c57945c8,0x00000000eab00000)
 Metaspace       used 125672K, capacity 141278K, committed 141588K, reserved 1173504K
  class space    used 17207K, capacity 18115K, committed 18196K, reserved 1048576K

Card table byte_map: [0x000000000af90000,0x000000000b1a0000] byte_map_base: 0x000000000a990000

Marking Bits: (ParMarkBitMap*) 0x00000000576ba6d0
 Begin Bits: [0x000000000b5a0000, 0x000000000c5a0000)
 End Bits:   [0x000000000c5a0000, 0x000000000d5a0000)

Polling page: 0x0000000000970000

CodeCache: size=131072Kb used=25626Kb max_used=25641Kb free=105445Kb
 bounds [0x0000000002d90000, 0x00000000046d0000, 0x000000000ad90000]
 total_blobs=10465 nmethods=9701 adapters=673
 compilation: enabled

Compilation events (10 events):
Event: 92.906 Thread 0x000000000e14a800 11949       3       sbt.Previous$$$Lambda$2234/12302064::<init> (15 bytes)
Event: 92.907 Thread 0x000000000e14a800 nmethod 11949 0x000000000357c550 code [0x000000000357c6a0, 0x000000000357c870]
Event: 93.311 Thread 0x000000000e14a800 11951       3       java.lang.InheritableThreadLocal::childValue (2 bytes)
Event: 93.311 Thread 0x000000000e144000 nmethod 11947 0x0000000003576690 code [0x00000000035767e0, 0x0000000003576938]
Event: 93.311 Thread 0x000000000e142000 nmethod 11948 0x0000000003576290 code [0x00000000035763e0, 0x0000000003576518]
Event: 93.311 Thread 0x000000000e14a800 nmethod 11951 0x0000000003575f90 code [0x00000000035760e0, 0x0000000003576230]
Event: 93.311 Thread 0x000000000e144000 11950       4       scala.collection.mutable.ArrayBuffer::$plus$eq (6 bytes)
Event: 93.312 Thread 0x000000000e142000 11952   !   4       java.util.zip.ZipFile$ZipFileInflaterInputStream::close (67 bytes)
Event: 93.313 Thread 0x000000000e14a800 11953   !   3       java.util.zip.ZipFile$ZipFileInputStream::close (110 bytes)
Event: 93.314 Thread 0x000000000e14a800 nmethod 11953 0x000000000357b810 code [0x000000000357b9c0, 0x000000000357c1d8]

GC Heap History (10 events):
Event: 25.781 GC heap before
{Heap before GC invocations=15 (full 5):
 PSYoungGen      total 302592K, used 302406K [0x00000000eab00000, 0x0000000100000000, 0x0000000100000000)
  eden space 262144K, 100% used [0x00000000eab00000,0x00000000fab00000,0x00000000fab00000)
  from space 40448K, 99% used [0x00000000fab00000,0x00000000fd251910,0x00000000fd280000)
  to   space 46592K, 0% used [0x00000000fd280000,0x00000000fd280000,0x0000000100000000)
 ParOldGen       total 699392K, used 41982K [0x00000000c0000000, 0x00000000eab00000, 0x00000000eab00000)
  object space 699392K, 6% used [0x00000000c0000000,0x00000000c28ffb18,0x00000000eab00000)
 Metaspace       used 105927K, capacity 119714K, committed 119956K, reserved 1153024K
  class space    used 14650K, capacity 15471K, committed 15508K, reserved 1048576K
Event: 25.817 GC heap after
Heap after GC invocations=15 (full 5):
 PSYoungGen      total 294400K, used 34177K [0x00000000eab00000, 0x0000000100000000, 0x0000000100000000)
  eden space 247808K, 0% used [0x00000000eab00000,0x00000000eab00000,0x00000000f9d00000)
  from space 46592K, 73% used [0x00000000fd280000,0x00000000ff3e0730,0x0000000100000000)
  to   space 50688K, 0% used [0x00000000f9d00000,0x00000000f9d00000,0x00000000fce80000)
 ParOldGen       total 699392K, used 42054K [0x00000000c0000000, 0x00000000eab00000, 0x00000000eab00000)
  object space 699392K, 6% used [0x00000000c0000000,0x00000000c2911b28,0x00000000eab00000)
 Metaspace       used 105927K, capacity 119714K, committed 119956K, reserved 1153024K
  class space    used 14650K, capacity 15471K, committed 15508K, reserved 1048576K
}
Event: 25.928 GC heap before
{Heap before GC invocations=16 (full 5):
 PSYoungGen      total 294400K, used 42825K [0x00000000eab00000, 0x0000000100000000, 0x0000000100000000)
  eden space 247808K, 3% used [0x00000000eab00000,0x00000000eb371f80,0x00000000f9d00000)
  from space 46592K, 73% used [0x00000000fd280000,0x00000000ff3e0730,0x0000000100000000)
  to   space 50688K, 0% used [0x00000000f9d00000,0x00000000f9d00000,0x00000000fce80000)
 ParOldGen       total 699392K, used 42054K [0x00000000c0000000, 0x00000000eab00000, 0x00000000eab00000)
  object space 699392K, 6% used [0x00000000c0000000,0x00000000c2911b28,0x00000000eab00000)
 Metaspace       used 107122K, capacity 120922K, committed 120996K, reserved 1155072K
  class space    used 14765K, capacity 15608K, committed 15636K, reserved 1048576K
Event: 25.961 GC heap after
Heap after GC invocations=16 (full 5):
 PSYoungGen      total 280576K, used 32405K [0x00000000eab00000, 0x0000000100000000, 0x0000000100000000)
  eden space 247808K, 0% used [0x00000000eab00000,0x00000000eab00000,0x00000000f9d00000)
  from space 32768K, 98% used [0x00000000f9d00000,0x00000000fbca5680,0x00000000fbd00000)
  to   space 51200K, 0% used [0x00000000fce00000,0x00000000fce00000,0x0000000100000000)
 ParOldGen       total 699392K, used 42054K [0x00000000c0000000, 0x00000000eab00000, 0x00000000eab00000)
  object space 699392K, 6% used [0x00000000c0000000,0x00000000c2911b28,0x00000000eab00000)
 Metaspace       used 107122K, capacity 120922K, committed 120996K, reserved 1155072K
  class space    used 14765K, capacity 15608K, committed 15636K, reserved 1048576K
}
Event: 25.961 GC heap before
{Heap before GC invocations=17 (full 6):
 PSYoungGen      total 280576K, used 32405K [0x00000000eab00000, 0x0000000100000000, 0x0000000100000000)
  eden space 247808K, 0% used [0x00000000eab00000,0x00000000eab00000,0x00000000f9d00000)
  from space 32768K, 98% used [0x00000000f9d00000,0x00000000fbca5680,0x00000000fbd00000)
  to   space 51200K, 0% used [0x00000000fce00000,0x00000000fce00000,0x0000000100000000)
 ParOldGen       total 699392K, used 42054K [0x00000000c0000000, 0x00000000eab00000, 0x00000000eab00000)
  object space 699392K, 6% used [0x00000000c0000000,0x00000000c2911b28,0x00000000eab00000)
 Metaspace       used 107122K, capacity 120922K, committed 120996K, reserved 1155072K
  class space    used 14765K, capacity 15608K, committed 15636K, reserved 1048576K
Event: 26.410 GC heap after
Heap after GC invocations=17 (full 6):
 PSYoungGen      total 280576K, used 0K [0x00000000eab00000, 0x0000000100000000, 0x0000000100000000)
  eden space 247808K, 0% used [0x00000000eab00000,0x00000000eab00000,0x00000000f9d00000)
  from space 32768K, 0% used [0x00000000f9d00000,0x00000000f9d00000,0x00000000fbd00000)
  to   space 51200K, 0% used [0x00000000fce00000,0x00000000fce00000,0x0000000100000000)
 ParOldGen       total 699392K, used 72809K [0x00000000c0000000, 0x00000000eab00000, 0x00000000eab00000)
  object space 699392K, 10% used [0x00000000c0000000,0x00000000c471a528,0x00000000eab00000)
 Metaspace       used 107069K, capacity 120826K, committed 120996K, reserved 1155072K
  class space    used 14757K, capacity 15597K, committed 15636K, reserved 1048576K
}
Event: 92.908 GC heap before
{Heap before GC invocations=18 (full 6):
 PSYoungGen      total 280576K, used 235427K [0x00000000eab00000, 0x0000000100000000, 0x0000000100000000)
  eden space 247808K, 95% used [0x00000000eab00000,0x00000000f90e8e40,0x00000000f9d00000)
  from space 32768K, 0% used [0x00000000f9d00000,0x00000000f9d00000,0x00000000fbd00000)
  to   space 51200K, 0% used [0x00000000fce00000,0x00000000fce00000,0x0000000100000000)
 ParOldGen       total 699392K, used 72809K [0x00000000c0000000, 0x00000000eab00000, 0x00000000eab00000)
  object space 699392K, 10% used [0x00000000c0000000,0x00000000c471a528,0x00000000eab00000)
 Metaspace       used 125675K, capacity 141284K, committed 141588K, reserved 1173504K
  class space    used 17208K, capacity 18116K, committed 18196K, reserved 1048576K
Event: 92.922 GC heap after
Heap after GC invocations=18 (full 6):
 PSYoungGen      total 300032K, used 20326K [0x00000000eab00000, 0x0000000100000000, 0x0000000100000000)
  eden space 248832K, 0% used [0x00000000eab00000,0x00000000eab00000,0x00000000f9e00000)
  from space 51200K, 39% used [0x00000000fce00000,0x00000000fe1d9b60,0x0000000100000000)
  to   space 49152K, 0% used [0x00000000f9e00000,0x00000000f9e00000,0x00000000fce00000)
 ParOldGen       total 699392K, used 72817K [0x00000000c0000000, 0x00000000eab00000, 0x00000000eab00000)
  object space 699392K, 10% used [0x00000000c0000000,0x00000000c471c528,0x00000000eab00000)
 Metaspace       used 125675K, capacity 141284K, committed 141588K, reserved 1173504K
  class space    used 17208K, capacity 18116K, committed 18196K, reserved 1048576K
}
Event: 92.922 GC heap before
{Heap before GC invocations=19 (full 7):
 PSYoungGen      total 300032K, used 20326K [0x00000000eab00000, 0x0000000100000000, 0x0000000100000000)
  eden space 248832K, 0% used [0x00000000eab00000,0x00000000eab00000,0x00000000f9e00000)
  from space 51200K, 39% used [0x00000000fce00000,0x00000000fe1d9b60,0x0000000100000000)
  to   space 49152K, 0% used [0x00000000f9e00000,0x00000000f9e00000,0x00000000fce00000)
 ParOldGen       total 699392K, used 72817K [0x00000000c0000000, 0x00000000eab00000, 0x00000000eab00000)
  object space 699392K, 10% used [0x00000000c0000000,0x00000000c471c528,0x00000000eab00000)
 Metaspace       used 125675K, capacity 141284K, committed 141588K, reserved 1173504K
  class space    used 17208K, capacity 18116K, committed 18196K, reserved 1048576K
Event: 93.311 GC heap after
Heap after GC invocations=19 (full 7):
 PSYoungGen      total 300032K, used 0K [0x00000000eab00000, 0x0000000100000000, 0x0000000100000000)
  eden space 248832K, 0% used [0x00000000eab00000,0x00000000eab00000,0x00000000f9e00000)
  from space 51200K, 0% used [0x00000000fce00000,0x00000000fce00000,0x0000000100000000)
  to   space 49152K, 0% used [0x00000000f9e00000,0x00000000f9e00000,0x00000000fce00000)
 ParOldGen       total 699392K, used 89681K [0x00000000c0000000, 0x00000000eab00000, 0x00000000eab00000)
  object space 699392K, 12% used [0x00000000c0000000,0x00000000c57945c8,0x00000000eab00000)
 Metaspace       used 125672K, capacity 141278K, committed 141588K, reserved 1173504K
  class space    used 17207K, capacity 18115K, committed 18196K, reserved 1048576K
}

Deoptimization events (10 events):
Event: 68.429 Thread 0x0000000012362800 Uncommon trap: reason=unstable_if action=reinterpret pc=0x00000000042ddc50 method=akka.dispatch.AbstractNodeQueue.pollNode()Lakka/dispatch/AbstractNodeQueue$Node; @ 28
Event: 92.820 Thread 0x0000000012369000 Uncommon trap: reason=class_check action=maybe_recompile pc=0x000000000399c59c method=java.nio.charset.CharsetDecoder.decode(Ljava/nio/ByteBuffer;Ljava/nio/CharBuffer;Z)Ljava/nio/charset/CoderResult; @ 57
Event: 92.848 Thread 0x000000001895f800 Uncommon trap: reason=unstable_if action=reinterpret pc=0x00000000045e07dc method=java.util.HashMap.removeNode(ILjava/lang/Object;Ljava/lang/Object;ZZ)Ljava/util/HashMap$Node; @ 133
Event: 92.848 Thread 0x000000001895f800 Uncommon trap: reason=bimorphic action=maybe_recompile pc=0x0000000004266f58 method=java.util.HashMap.removeNode(ILjava/lang/Object;Ljava/lang/Object;ZZ)Ljava/util/HashMap$Node; @ 68
Event: 92.876 Thread 0x0000000018960800 Uncommon trap: reason=unstable_if action=reinterpret pc=0x00000000042dd8b0 method=akka.actor.LightArrayRevolverScheduler$$anon$3.nextTick()V @ 142
Event: 92.882 Thread 0x000000001236d800 Uncommon trap: reason=bimorphic action=maybe_recompile pc=0x0000000004266f58 method=java.util.HashMap.removeNode(ILjava/lang/Object;Ljava/lang/Object;ZZ)Ljava/util/HashMap$Node; @ 68
Event: 92.896 Thread 0x0000000012362800 Uncommon trap: reason=unstable_if action=reinterpret pc=0x0000000004430af8 method=akka.actor.LightArrayRevolverScheduler$$anon$3.nextTick()V @ 142
Event: 92.898 Thread 0x000000001338d800 Uncommon trap: reason=unstable_if action=reinterpret pc=0x0000000004675840 method=akka.dispatch.forkjoin.ForkJoinPool.scan(Lakka/dispatch/forkjoin/ForkJoinPool$WorkQueue;)Lakka/dispatch/forkjoin/ForkJoinTask; @ 329
Event: 93.311 Thread 0x000000001338e800 Uncommon trap: reason=unstable_if action=reinterpret pc=0x0000000003eec158 method=com.lmax.disruptor.MultiProducerSequencer.isAvailable(J)Z @ 39
Event: 93.313 Thread 0x000000000273b800 Uncommon trap: reason=unstable_if action=reinterpret pc=0x0000000003138560 method=java.lang.ref.ReferenceQueue.poll()Ljava/lang/ref/Reference; @ 4

Internal exceptions (10 events):
Event: 92.856 Thread 0x0000000018962800 Exception <a 'java/lang/NoSuchMethodError': java.lang.Object.$anonfun$removeFromMap$1$adapted(Lakka/actor/ActorRef;Lakka/actor/ActorRef;)Ljava/lang/Object;> (0x00000000f4704620) thrown at [C:\re\workspace\8-2-build-windows-amd64-cygwin\jdk8u112\7884\hotsp
Event: 92.858 Thread 0x0000000018962800 Exception <a 'java/lang/NoSuchMethodError': java.lang.Object.$anonfun$stopDefaultLoggers$1$adapted(Lakka/actor/ActorRef;)Ljava/lang/Object;> (0x00000000f471d0d0) thrown at [C:\re\workspace\8-2-build-windows-amd64-cygwin\jdk8u112\7884\hotspot\src\share\vm\
Event: 92.858 Thread 0x0000000018962800 Exception <a 'java/lang/NoSuchMethodError': java.lang.Object.$anonfun$stopDefaultLoggers$2$adapted(Lakka/event/LoggingBus;Lakka/actor/ActorRef;)Ljava/lang/Object;> (0x00000000f4720e50) thrown at [C:\re\workspace\8-2-build-windows-amd64-cygwin\jdk8u112\788
Event: 92.861 Thread 0x000000001895f800 Exception <a 'java/lang/NoSuchMethodError': java.lang.Object.$anonfun$hasSubscriptions$1$adapted(Ljava/lang/Object;Lscala/collection/immutable/Set;)Ljava/lang/Object;> (0x00000000f8b761f0) thrown at [C:\re\workspace\8-2-build-windows-amd64-cygwin\jdk8u112
Event: 92.882 Thread 0x000000001236d800 Exception <a 'java/lang/NoSuchMethodError': java.lang.Object.$anonfun$stop$1$adapted(Lplay/api/Application;)Ljava/lang/Object;> (0x00000000f8a7d4f8) thrown at [C:\re\workspace\8-2-build-windows-amd64-cygwin\jdk8u112\7884\hotspot\src\share\vm\interpreter\l
Event: 92.885 Thread 0x000000001236d800 Exception <a 'java/lang/NoSuchMethodError': java.lang.Object.$anonfun$stop$2$adapted(Lplay/api/LoggerConfigurator;)Ljava/lang/Object;> (0x00000000f8a8bcf0) thrown at [C:\re\workspace\8-2-build-windows-amd64-cygwin\jdk8u112\7884\hotspot\src\share\vm\interp
Event: 92.890 Thread 0x000000001338d800 Exception <a 'java/lang/NoSuchMethodError': java.lang.Object.$anonfun$remWatcher$1(Lakka/actor/dungeon/DeathWatch;Lakka/actor/ActorRef;)V> (0x00000000f85d7df0) thrown at [C:\re\workspace\8-2-build-windows-amd64-cygwin\jdk8u112\7884\hotspot\src\share\vm\in
Event: 92.899 Thread 0x000000001236c000 Exception <a 'sun/nio/fs/WindowsException'> (0x00000000f8e5ff50) thrown at [C:\re\workspace\8-2-build-windows-amd64-cygwin\jdk8u112\7884\hotspot\src\share\vm\prims\jni.cpp, line 709]
Event: 92.899 Thread 0x000000001236c000 Exception <a 'sun/nio/fs/WindowsException'> (0x00000000f8e60160) thrown at [C:\re\workspace\8-2-build-windows-amd64-cygwin\jdk8u112\7884\hotspot\src\share\vm\prims\jni.cpp, line 709]
Event: 92.899 Thread 0x000000001236c000 Exception <a 'sun/nio/fs/WindowsException'> (0x00000000f8e60370) thrown at [C:\re\workspace\8-2-build-windows-amd64-cygwin\jdk8u112\7884\hotspot\src\share\vm\prims\jni.cpp, line 709]

Events (10 events):
Event: 93.314 Thread 0x000000000e14a800 flushing nmethod 0x0000000002edc8d0
Event: 93.314 Executing VM operation: RevokeBias
Event: 93.314 Executing VM operation: RevokeBias done
Event: 93.314 Executing VM operation: RevokeBias
Event: 93.314 Executing VM operation: RevokeBias done
Event: 93.314 Thread 0x000000000e14a800 flushing nmethod 0x0000000002f33cd0
Event: 93.314 Thread 0x000000000e14a800 flushing nmethod 0x0000000002f6fed0
Event: 93.314 Executing VM operation: RevokeBias
Event: 93.315 Executing VM operation: RevokeBias done
Event: 93.315 Executing VM operation: RevokeBias


Dynamic libraries:
0x00007ff64c190000 - 0x00007ff64c1c7000 	C:\Program Files\Java\jdk1.8.0_112\bin\java.exe
0x00007fffd4cc0000 - 0x00007fffd4ea1000 	C:\Windows\SYSTEM32\ntdll.dll
0x00007fffd4bc0000 - 0x00007fffd4c71000 	C:\Windows\System32\KERNEL32.DLL
0x00007fffd1ea0000 - 0x00007fffd2113000 	C:\Windows\System32\KERNELBASE.dll
0x00007fffd2270000 - 0x00007fffd2311000 	C:\Windows\System32\ADVAPI32.dll
0x00007fffd4450000 - 0x00007fffd44ee000 	C:\Windows\System32\msvcrt.dll
0x00007fffd44f0000 - 0x00007fffd454b000 	C:\Windows\System32\sechost.dll
0x00007fffd4810000 - 0x00007fffd4934000 	C:\Windows\System32\RPCRT4.dll
0x00007fffd4940000 - 0x00007fffd4ad0000 	C:\Windows\System32\USER32.dll
0x00007fffd2120000 - 0x00007fffd2140000 	C:\Windows\System32\win32u.dll
0x00007fffd47e0000 - 0x00007fffd4808000 	C:\Windows\System32\GDI32.dll
0x00007fffd1d00000 - 0x00007fffd1e91000 	C:\Windows\System32\gdi32full.dll
0x00007fffd1970000 - 0x00007fffd1a0f000 	C:\Windows\System32\msvcp_win.dll
0x00007fffd1870000 - 0x00007fffd1968000 	C:\Windows\System32\ucrtbase.dll
0x00007fffc11e0000 - 0x00007fffc1449000 	C:\Windows\WinSxS\amd64_microsoft.windows.common-controls_6595b64144ccf1df_6.0.17134.1006_none_d3fbb8f77c940c3f\COMCTL32.dll
0x00007fffd38f0000 - 0x00007fffd3c11000 	C:\Windows\System32\combase.dll
0x00007fffd17f0000 - 0x00007fffd1869000 	C:\Windows\System32\bcryptPrimitives.dll
0x00007fffd3770000 - 0x00007fffd379d000 	C:\Windows\System32\IMM32.DLL
0x00000000595a0000 - 0x0000000059672000 	C:\Program Files\Java\jdk1.8.0_112\jre\bin\msvcr100.dll
0x0000000056ea0000 - 0x000000005773a000 	C:\Program Files\Java\jdk1.8.0_112\jre\bin\server\jvm.dll
0x00007fffd3840000 - 0x00007fffd3848000 	C:\Windows\System32\PSAPI.DLL
0x00007fffcc300000 - 0x00007fffcc309000 	C:\Windows\SYSTEM32\WSOCK32.dll
0x00007fffcb0b0000 - 0x00007fffcb0d3000 	C:\Windows\SYSTEM32\WINMM.dll
0x00007fffc1a00000 - 0x00007fffc1a0a000 	C:\Windows\SYSTEM32\VERSION.dll
0x00007fffd3870000 - 0x00007fffd38dc000 	C:\Windows\System32\WS2_32.dll
0x00007fffca670000 - 0x00007fffca69a000 	C:\Windows\SYSTEM32\WINMMBASE.dll
0x00007fffd1ac0000 - 0x00007fffd1b09000 	C:\Windows\System32\cfgmgr32.dll
0x0000000059590000 - 0x000000005959f000 	C:\Program Files\Java\jdk1.8.0_112\jre\bin\verify.dll
0x0000000059560000 - 0x0000000059589000 	C:\Program Files\Java\jdk1.8.0_112\jre\bin\java.dll
0x0000000059540000 - 0x0000000059556000 	C:\Program Files\Java\jdk1.8.0_112\jre\bin\zip.dll
0x00007fffd2320000 - 0x00007fffd3762000 	C:\Windows\System32\SHELL32.dll
0x00007fffd4730000 - 0x00007fffd47d9000 	C:\Windows\System32\shcore.dll
0x00007fffd10e0000 - 0x00007fffd17ee000 	C:\Windows\System32\windows.storage.dll
0x00007fffd2140000 - 0x00007fffd2191000 	C:\Windows\System32\shlwapi.dll
0x00007fffd0fc0000 - 0x00007fffd0fd1000 	C:\Windows\System32\kernel.appcore.dll
0x00007fffd0fe0000 - 0x00007fffd0fff000 	C:\Windows\System32\profapi.dll
0x00007fffd1030000 - 0x00007fffd107c000 	C:\Windows\System32\powrprof.dll
0x00007fffd1020000 - 0x00007fffd102a000 	C:\Windows\System32\FLTLIB.DLL
0x0000000059520000 - 0x000000005953a000 	C:\Program Files\Java\jdk1.8.0_112\jre\bin\net.dll
0x00007fffd0840000 - 0x00007fffd08a6000 	C:\Windows\system32\mswsock.dll
0x0000000059500000 - 0x0000000059511000 	C:\Program Files\Java\jdk1.8.0_112\jre\bin\nio.dll
0x00007fffd09f0000 - 0x00007fffd0a07000 	C:\Windows\SYSTEM32\CRYPTSP.dll
0x00007fffd03f0000 - 0x00007fffd0423000 	C:\Windows\system32\rsaenh.dll
0x00007fffd0b20000 - 0x00007fffd0b45000 	C:\Windows\SYSTEM32\bcrypt.dll
0x00007fffd0ec0000 - 0x00007fffd0ee8000 	C:\Windows\SYSTEM32\USERENV.dll
0x00007fffd0a10000 - 0x00007fffd0a1b000 	C:\Windows\SYSTEM32\CRYPTBASE.dll
0x00007fffd0590000 - 0x00007fffd05c8000 	C:\Windows\SYSTEM32\IPHLPAPI.DLL
0x00007fffd38e0000 - 0x00007fffd38e8000 	C:\Windows\System32\NSI.dll
0x00007fffcb4a0000 - 0x00007fffcb4b6000 	C:\Windows\SYSTEM32\dhcpcsvc6.DLL
0x00007fffcb9c0000 - 0x00007fffcb9da000 	C:\Windows\SYSTEM32\dhcpcsvc.DLL
0x00007fffcc360000 - 0x00007fffcc36a000 	C:\Users\mukht\AppData\Local\Temp\jansi-64-1-7164311350547024889.11
0x00000000594f0000 - 0x00000000594fd000 	C:\Program Files\Java\jdk1.8.0_112\jre\bin\management.dll
0x00007fffa4450000 - 0x00007fffa4466000 	C:\Windows\system32\napinsp.dll
0x00007fffa4430000 - 0x00007fffa444a000 	C:\Windows\system32\pnrpnsp.dll
0x00007fffcbcd0000 - 0x00007fffcbce9000 	C:\Windows\system32\NLAapi.dll
0x00007fffd05d0000 - 0x00007fffd068e000 	C:\Windows\SYSTEM32\DNSAPI.dll
0x00007fffa4420000 - 0x00007fffa442e000 	C:\Windows\System32\winrnr.dll
0x00007fffcbb60000 - 0x00007fffcbb75000 	C:\Windows\System32\wshbth.dll
0x00007fffc3380000 - 0x00007fffc338a000 	C:\Windows\System32\rasadhlp.dll
0x00007fffc35b0000 - 0x00007fffc3622000 	C:\Windows\System32\fwpuclnt.dll
0x00007fffbe680000 - 0x00007fffbe6c2000 	C:\Users\mukht\AppData\Local\Temp\jna-104255503\jna8330347970896118925.dll
0x00000000594c0000 - 0x00000000594e4000 	C:\Program Files\Java\jdk1.8.0_112\jre\bin\sunec.dll
0x00000000594b0000 - 0x00000000594bb000 	C:\Program Files\Java\jdk1.8.0_112\jre\bin\sunmscapi.dll
0x00007fffd1b10000 - 0x00007fffd1cf2000 	C:\Windows\System32\CRYPT32.dll
0x00007fffd1000000 - 0x00007fffd1012000 	C:\Windows\System32\MSASN1.dll
0x0000000069340000 - 0x00000000693c5000 	C:\Users\mukht\AppData\Local\Temp\sqlite-3.7.2-sqlitejdbc.dll
0x00007fffc50c0000 - 0x00007fffc5289000 	C:\Windows\SYSTEM32\dbghelp.dll

VM Arguments:
jvm_args: -Xms1024m -Xmx1024m -Xss4M -XX:ReservedCodeCacheSize=128m 
java_command: xsbt.boot.Boot run
java_class_path (initial): C:\Program Files (x86)\sbt\bin\sbt-launch.jar
Launcher Type: SUN_STANDARD

Environment Variables:
JAVA_HOME=C:\Program Files\Java\jdk1.8.0_112
PATH=C:\Program Files\Java\jdk1.8.0_112\bin;C:\Program Files (x86)\Common Files\Oracle\Java\javapath;C:\ProgramData\Oracle\Java\javapath;C:\Windows\system32;C:\Windows;C:\Windows\System32\Wbem;C:\Windows\System32\WindowsPowerShell\v1.0\;C:\Windows\System32\OpenSSH\;C:\Program Files (x86)\Brackets\command;C:\Program Files\Microsoft VS Code\bin;C:\Program Files\Git\cmd;C:\Program Files\nodejs\;C:\Python27;C:\Users\mukht\.dnx\bin;C:\Program Files\Microsoft DNX\Dnvm\;C:\Program Files\Microsoft SQL Server\130\Tools\Binn\;C:\Program Files (x86)\sbt\bin;C:\Users\mukht\.windows-build-tools\python27\;C:\Program Files\nodejs\node_modules\npm\node_modules\npm-lifecycle\node-gyp-bin;C:\Users\mukht\AppData\Roaming\npm\node_modules\windows-build-tools\node_modules\.bin;C:\Users\mukht\AppData\Roaming\npm\node_modules\.bin;C:\Program Files (x86)\Common Files\Oracle\Java\javapath;C:\ProgramData\Oracle\Java\javapath;C:\Windows\system32;C:\Windows;C:\Windows\System32\Wbem;C:\Windows\System32\WindowsPowerShell\v1.0\;C:\Windows\System32\OpenSSH\;C:\Program Files (x86)\Brackets\command;C:\Program Files\Microsoft VS Code\bin;C:\Program Files\Git\cmd;C:\Program Files\nodejs\;C:\Python27;C:\Ruby24-x64\bin;C:\Ruby25-x64\bin;C:\Users\mukht\AppData\Local\Microsoft\WindowsApps;C:\sqlite;C:\Users\mukht\AppData\Roaming\npm;C:\Program Files\Java\jdk1.8.0_112\bin;C:\Program Files (x86)\sbt\bin;
USERNAME=mukht
OS=Windows_NT
PROCESSOR_IDENTIFIER=Intel64 Family 6 Model 61 Stepping 4, GenuineIntel



---------------  S Y S T E M  ---------------

OS: Windows 10.0 , 64 bit Build 17134 (10.0.17134.753)

CPU:total 4 (2 cores per cpu, 2 threads per core) family 6 model 61 stepping 4, cmov, cx8, fxsr, mmx, sse, sse2, sse3, ssse3, sse4.1, sse4.2, popcnt, avx, avx2, aes, clmul, erms, 3dnowpref, lzcnt, ht, tsc, tscinvbit, bmi1, bmi2, adx

Memory: 4k page, physical 16689624k(6447444k free), swap 19179992k(4679060k free)

vm_info: Java HotSpot(TM) 64-Bit Server VM (25.112-b15) for windows-amd64 JRE (1.8.0_112-b15), built on Sep 22 2016 21:31:56 by "java_re" with MS VC++ 10.0 (VS2010)

time: Sat Sep 14 00:44:12 2019
elapsed time: 93 seconds (0d 0h 1m 33s)

